[ DEBUG ] TODO on cygwin | Starting log with log level DEBUG
[ INFO ] TODO on cygwin | 
-------------------------------------------------------
[ INFO ] TODO on cygwin | Starting ak_generate
[ ERROR ] TODO on cygwin | ak_exception id: 100 not registered when creating item
[ INFO ] TODO on cygwin | Finished ak_generate
[ INFO ] TODO on cygwin | -------------------------------------------------------
[ DEBUG ] TODO on cygwin | Starting log with log level DEBUG
[ INFO ] TODO on cygwin | 
-------------------------------------------------------
[ INFO ] TODO on cygwin | Starting ak_generate
[ ERROR ] TODO on cygwin | ak_exception id: 100 not registered when creating item
[ INFO ] TODO on cygwin | Finished ak_generate
[ INFO ] TODO on cygwin | -------------------------------------------------------
[ DEBUG ] TODO on cygwin | Starting log with log level DEBUG
[ INFO ] TODO on cygwin | 
-------------------------------------------------------
[ INFO ] TODO on cygwin | Starting ak_generate
[ ERROR ] TODO on cygwin | ak_exception id: 100 not registered when creating item
[ INFO ] TODO on cygwin | Finished ak_generate
[ INFO ] TODO on cygwin | -------------------------------------------------------
[ DEBUG ] TODO on cygwin | Starting log with log level DEBUG
[ INFO ] TODO on cygwin | 
-------------------------------------------------------
[ INFO ] TODO on cygwin | Starting ak_generate
[ ERROR ] TODO on cygwin | ak_exception id: 100 not registered when creating item
[ INFO ] TODO on cygwin | Finished ak_generate
[ INFO ] TODO on cygwin | -------------------------------------------------------
[ DEBUG ] TODO on cygwin | Starting log with log level DEBUG
[ INFO ] TODO on cygwin | 
-------------------------------------------------------
[ INFO ] TODO on cygwin | Starting ak_generate
[ ERROR ] TODO on cygwin | ak_exception id: 100 not registered while creating item
[ INFO ] TODO on cygwin | Finished ak_generate
[ INFO ] TODO on cygwin | -------------------------------------------------------
[ DEBUG ] TODO on cygwin | Starting log with log level DEBUG
[ INFO ] TODO on cygwin | 
-------------------------------------------------------
[ INFO ] TODO on cygwin | Starting ak_generate
[ ERROR ] TODO on cygwin | ak_exception id: 100 not registered while creating item
[ INFO ] TODO on cygwin | Finished ak_generate
[ INFO ] TODO on cygwin | -------------------------------------------------------
[ DEBUG ] TODO on cygwin | Starting log with log level DEBUG
[ INFO ] TODO on cygwin | 
-------------------------------------------------------
[ INFO ] TODO on cygwin | Starting ak_generate
[ ERROR ] TODO on cygwin | ak_exception id: 100 not registered while creating item
[ INFO ] TODO on cygwin | Finished ak_generate
[ INFO ] TODO on cygwin | -------------------------------------------------------
[ DEBUG ] TODO on cygwin | Starting log with log level DEBUG
[ INFO ] TODO on cygwin | 
-------------------------------------------------------
[ INFO ] TODO on cygwin | Starting ak_generate
[ ERROR ] TODO on cygwin | ak_exception id: 100 not registered while creating item
[ INFO ] TODO on cygwin | Finished ak_generate
[ INFO ] TODO on cygwin | -------------------------------------------------------
[ DEBUG ] TODO on cygwin | Starting log with log level DEBUG
[ INFO ] TODO on cygwin | 
-------------------------------------------------------
[ INFO ] TODO on cygwin | Starting ak_generate
[ DEBUG ] TODO on cygwin | Starting log with log level DEBUG
[ INFO ] TODO on cygwin | 
-------------------------------------------------------
[ INFO ] TODO on cygwin | Starting ak_generate
[ ERROR ] TODO on cygwin | ak_exception id: 100 not registered while creating item
[ INFO ] TODO on cygwin | Finished ak_generate
[ INFO ] TODO on cygwin | -------------------------------------------------------
[ DEBUG ] TODO on cygwin | Starting log with log level DEBUG
[ INFO ] TODO on cygwin | 
-------------------------------------------------------
[ INFO ] TODO on cygwin | Starting ak_generate
[ ERROR ] TODO on cygwin | ak_exception id: 100 not registered while creating item
[ INFO ] TODO on cygwin | Finished ak_generate
[ INFO ] TODO on cygwin | -------------------------------------------------------
[ DEBUG ] TODO on cygwin | Starting log with log level DEBUG
[ INFO ] TODO on cygwin | 
-------------------------------------------------------
[ INFO ] TODO on cygwin | Starting ak_generate
